\BOOKMARK [1][-]{section*.1}{\376\377\000C\000r\000o\000n\000o\000l\000o\000g\000i\000a\000\040\000R\000e\000v\000i\000s\000i\000o\000n\000i}{}% 1
\BOOKMARK [1][-]{section*.3}{\376\377\000I\000n\000t\000r\000o\000d\000u\000z\000i\000o\000n\000e}{}% 2
\BOOKMARK [1][-]{section.1}{\376\377\000D\000o\000c\000u\000m\000e\000n\000t\000o\000\040\000d\000e\000i\000\040\000R\000e\000q\000u\000i\000s\000i\000t\000i\000\040\000S\000o\000f\000t\000w\000a\000r\000e}{}% 3
\BOOKMARK [2][-]{subsection.1.1}{\376\377\000G\000l\000o\000s\000s\000a\000r\000i\000o}{section.1}% 4
\BOOKMARK [2][-]{subsection.1.2}{\376\377\000C\000a\000s\000i\000\040\000D\000'\000u\000s\000o}{section.1}% 5
\BOOKMARK [2][-]{subsection.1.3}{\376\377\000P\000e\000r\000s\000o\000n\000a\000s}{section.1}% 6
\BOOKMARK [3][-]{subsubsection.1.3.1}{\376\377\000P\000e\000r\000s\000o\000n\000a\000s\000\040\0001\000:\000\040\000C\000l\000i\000e\000n\000t\000e\000\040\000i\000n\000\040\000c\000e\000r\000c\000a\000\040\000d\000i\000\040\000u\000n\000a\000\040\000c\000a\000s\000a\000\040\000i\000n\000\040\000a\000f\000f\000i\000t\000t\000o}{subsection.1.3}% 7
\BOOKMARK [3][-]{subsubsection.1.3.2}{\376\377\000P\000e\000r\000s\000o\000n\000a\000s\000\040\0002\000:\000\040\000A\000g\000e\000n\000t\000e\000\040\000I\000m\000m\000o\000b\000i\000l\000i\000a\000r\000e\000\040\000p\000r\000o\000f\000e\000s\000s\000i\000o\000n\000i\000s\000t\000a}{subsection.1.3}% 8
\BOOKMARK [3][-]{subsubsection.1.3.3}{\376\377\000P\000e\000r\000s\000o\000n\000a\000s\000\040\0003\000:\000\040\000A\000m\000m\000i\000n\000i\000s\000t\000r\000a\000t\000o\000r\000e\000\040\000A\000g\000e\000n\000z\000i\000a}{subsection.1.3}% 9
\BOOKMARK [3][-]{subsubsection.1.3.4}{\376\377\000P\000e\000r\000s\000o\000n\000a\000s\000\040\0004\000:\000\040\000V\000i\000s\000i\000t\000a\000t\000o\000r\000e\000\040\000n\000o\000n\000\040\000r\000e\000g\000i\000s\000t\000r\000a\000t\000o}{subsection.1.3}% 10
\BOOKMARK [2][-]{subsection.1.4}{\376\377\000F\000o\000r\000m\000a\000l\000i\000z\000z\000a\000z\000i\000o\000n\000e\000\040\000d\000e\000i\000\040\000c\000a\000s\000i\000\040\000d\000'\000u\000s\000o}{section.1}% 11
\BOOKMARK [2][-]{subsection.1.5}{\376\377\000R\000e\000q\000u\000i\000s\000i\000t\000i\000\040\000n\000o\000n\000\040\000f\000u\000n\000z\000i\000o\000n\000a\000l\000i\000\040\000e\000\040\000d\000i\000\040\000D\000o\000m\000i\000n\000i\000o}{section.1}% 12
\BOOKMARK [3][-]{subsubsection.1.5.1}{\376\377\000R\000e\000q\000u\000i\000s\000i\000t\000i\000\040\000n\000o\000n\000\040\000f\000u\000n\000z\000i\000o\000n\000a\000l\000i}{subsection.1.5}% 13
\BOOKMARK [3][-]{subsubsection.1.5.2}{\376\377\000R\000e\000q\000u\000i\000s\000i\000t\000i\000\040\000d\000i\000\040\000D\000o\000m\000i\000n\000i\000o}{subsection.1.5}% 14
\BOOKMARK [1][-]{section.2}{\376\377\000D\000o\000c\000u\000m\000e\000n\000t\000o\000\040\000d\000i\000\040\000D\000e\000s\000i\000g\000n\000\040\000d\000e\000l\000\040\000s\000i\000s\000t\000e\000m\000a}{}% 15
\BOOKMARK [2][-]{subsection.2.1}{\376\377\000A\000r\000c\000h\000i\000t\000e\000t\000t\000u\000r\000a}{section.2}% 16
\BOOKMARK [2][-]{subsection.2.2}{\376\377\000T\000e\000c\000n\000o\000l\000o\000g\000i\000e\000\040\000a\000d\000o\000t\000t\000a\000t\000e}{section.2}% 17
\BOOKMARK [2][-]{subsection.2.3}{\376\377\000S\000c\000h\000e\000m\000a\000\040\000p\000e\000r\000s\000i\000s\000t\000e\000n\000z\000a\000\040\000d\000e\000i\000\040\000d\000a\000t\000i}{section.2}% 18
\BOOKMARK [2][-]{subsection.2.4}{\376\377\000D\000e\000s\000c\000r\000i\000z\000i\000o\000n\000e\000\040\000e\000\040\000m\000o\000t\000i\000v\000a\000z\000i\000o\000n\000e\000\040\000d\000e\000l\000l\000e\000\040\000s\000c\000e\000l\000t\000e\000\040\000d\000i\000\040\000d\000e\000s\000i\000g\000n\000\040\000d\000e\000l\000l\000'\000i\000n\000t\000e\000r\000f\000a\000c\000c\000i\000a\000\040\000u\000t\000e\000n\000t\000e}{section.2}% 19
\BOOKMARK [2][-]{subsection.2.5}{\376\377\000A\000n\000a\000l\000i\000s\000i\000\040\000s\000u\000g\000l\000i\000\040\000a\000t\000t\000r\000i\000b\000u\000t\000i\000\040\000d\000i\000\040\000q\000u\000a\000l\000i\000t\000\340\000\040\000d\000i\000\040\000N\000i\000e\000l\000s\000e\000n}{section.2}% 20
\BOOKMARK [3][-]{subsubsection.2.5.1}{\376\377\000L\000e\000a\000r\000n\000a\000b\000i\000l\000i\000t\000y\000\040\000e\000\040\000M\000e\000m\000o\000r\000a\000b\000i\000l\000i\000t\000y}{subsection.2.5}% 21
\BOOKMARK [3][-]{subsubsection.2.5.2}{\376\377\000G\000e\000s\000t\000i\000o\000n\000e\000\040\000d\000e\000g\000l\000i\000\040\000E\000r\000r\000o\000r\000i\000\040\000\050\000E\000r\000r\000o\000r\000s\000\051}{subsection.2.5}% 22
\BOOKMARK [2][-]{subsection.2.6}{\376\377\000S\000c\000e\000l\000t\000e\000\040\000T\000e\000c\000n\000o\000l\000o\000g\000i\000c\000h\000e\000:\000\040\000N\000e\000x\000t\000.\000j\000s\000\040\000e\000\040\000T\000a\000i\000l\000w\000i\000n\000d\000\040\000C\000S\000S}{section.2}% 23
\BOOKMARK [2][-]{subsection.2.7}{\376\377\000P\000r\000i\000n\000c\000i\000p\000i\000\040\000d\000i\000\040\000D\000e\000s\000i\000g\000n\000\040\000e\000\040\000H\000C\000I}{section.2}% 24
\BOOKMARK [3][-]{subsubsection.2.7.1}{\376\377\000A\000f\000f\000o\000r\000d\000a\000n\000c\000e\000s}{subsection.2.7}% 25
\BOOKMARK [3][-]{subsubsection.2.7.2}{\376\377\000C\000o\000n\000s\000t\000r\000a\000i\000n\000t\000s\000\040\000\050\000V\000i\000n\000c\000o\000l\000i\000\051}{subsection.2.7}% 26
\BOOKMARK [3][-]{subsubsection.2.7.3}{\376\377\000F\000e\000e\000d\000b\000a\000c\000k\000\040\000\050\000R\000i\000s\000c\000o\000n\000t\000r\000o\000\051}{subsection.2.7}% 27
\BOOKMARK [3][-]{subsubsection.2.7.4}{\376\377\000M\000e\000t\000a\000p\000h\000o\000r\000s\000\040\000e\000\040\000M\000a\000p\000p\000i\000n\000g\000s}{subsection.2.7}% 28
\BOOKMARK [2][-]{subsection.2.8}{\376\377\000M\000o\000d\000e\000l\000l\000i\000\040\000P\000r\000e\000d\000i\000t\000t\000i\000v\000i\000\040\000e\000\040\000C\000o\000g\000n\000i\000t\000i\000v\000i}{section.2}% 29
\BOOKMARK [3][-]{subsubsection.2.8.1}{\376\377\000L\000e\000g\000g\000e\000\040\000d\000i\000\040\000H\000i\000c\000k}{subsection.2.8}% 30
\BOOKMARK [3][-]{subsubsection.2.8.2}{\376\377\000L\000e\000g\000g\000e\000\040\000d\000i\000\040\000F\000i\000t\000t\000s}{subsection.2.8}% 31
\BOOKMARK [2][-]{subsection.2.9}{\376\377\000V\000i\000s\000u\000a\000l\000\040\000D\000e\000s\000i\000g\000n\000:\000\040\000C\000o\000l\000o\000r\000e\000\040\000e\000\040\000T\000i\000p\000o\000g\000r\000a\000f\000i\000a}{section.2}% 32
\BOOKMARK [3][-]{subsubsection.2.9.1}{\376\377\000S\000t\000r\000a\000t\000e\000g\000i\000a\000\040\000C\000r\000o\000m\000a\000t\000i\000c\000a}{subsection.2.9}% 33
\BOOKMARK [3][-]{subsubsection.2.9.2}{\376\377\000T\000i\000p\000o\000g\000r\000a\000f\000i\000a}{subsection.2.9}% 34
\BOOKMARK [2][-]{subsection.2.10}{\376\377\000C\000l\000a\000s\000s\000i\000\040\000d\000i\000\040\000d\000e\000s\000i\000g\000n}{section.2}% 35
\BOOKMARK [3][-]{subsubsection.2.10.1}{\376\377\000c\000l\000a\000s\000s\000\040\000d\000e\000s\000i\000g\000n\000\040\000b\000a\000c\000k\000-\000e\000n\000d}{subsection.2.10}% 36
\BOOKMARK [3][-]{subsubsection.2.10.2}{\376\377\000c\000l\000a\000s\000s\000\040\000d\000e\000s\000i\000g\000n\000\040\000f\000r\000o\000n\000t\000-\000e\000n\000d}{subsection.2.10}% 37
\BOOKMARK [2][-]{subsection.2.11}{\376\377\000S\000e\000q\000u\000e\000n\000z\000e\000\040\000d\000i\000a\000g\000r\000a\000m}{section.2}% 38
\BOOKMARK [3][-]{subsubsection.2.11.1}{\376\377\000C\000r\000e\000a\000z\000i\000o\000n\000e\000\040\000A\000g\000e\000n\000t\000e}{subsection.2.11}% 39
\BOOKMARK [3][-]{subsubsection.2.11.2}{\376\377\000C\000r\000e\000a\000z\000i\000o\000n\000e\000\040\000S\000u\000p\000p\000o\000r\000t\000o}{subsection.2.11}% 40
\BOOKMARK [3][-]{subsubsection.2.11.3}{\376\377\000I\000n\000s\000e\000r\000i\000m\000e\000n\000t\000o\000\040\000O\000f\000f\000e\000r\000t\000a\000\040\000M\000a\000n\000u\000a\000l\000e}{subsection.2.11}% 41
\BOOKMARK [3][-]{subsubsection.2.11.4}{\376\377\000V\000i\000s\000u\000a\000l\000i\000z\000z\000a\000z\000i\000o\000n\000e\000\040\000I\000m\000m\000o\000b\000i\000l\000e}{subsection.2.11}% 42
\BOOKMARK [2][-]{subsection.2.12}{\376\377\000M\000o\000c\000k\000-\000u\000p\000\040\000d\000e\000l\000l\000e\000\040\000s\000c\000h\000e\000r\000m\000a\000t\000e\000\040\000p\000r\000i\000n\000c\000i\000p\000a\000l\000i}{section.2}% 43
\BOOKMARK [3][-]{subsubsection.2.12.1}{\376\377\000D\000a\000s\000h\000b\000o\000a\000r\000d\000\040\000p\000e\000r\000\040\000r\000u\000o\000l\000o}{subsection.2.12}% 44
\BOOKMARK [3][-]{subsubsection.2.12.2}{\376\377\000N\000a\000v\000i\000g\000a\000z\000i\000o\000n\000e\000\040\000e\000\040\000r\000i\000c\000e\000r\000c\000a\000\040\000i\000m\000m\000o\000b\000i\000l\000i}{subsection.2.12}% 45
\BOOKMARK [3][-]{subsubsection.2.12.3}{\376\377\000D\000e\000t\000t\000a\000g\000l\000i\000o\000\040\000i\000m\000m\000o\000b\000i\000l\000e\000\040\000e\000\040\000g\000e\000s\000t\000i\000o\000n\000e\000\040\000o\000f\000f\000e\000r\000t\000e}{subsection.2.12}% 46
\BOOKMARK [3][-]{subsubsection.2.12.4}{\376\377\000C\000r\000e\000a\000z\000i\000o\000n\000e\000\040\000a\000g\000e\000n\000t\000e\000\040\040\023\000\040\000f\000l\000u\000s\000s\000o\000\040\000n\000o\000m\000i\000n\000a\000l\000e\000\040\000e\000\040\000g\000e\000s\000t\000i\000o\000n\000e\000\040\000e\000r\000r\000o\000r\000i}{subsection.2.12}% 47
\BOOKMARK [3][-]{subsubsection.2.12.5}{\376\377\000C\000r\000e\000a\000z\000i\000o\000n\000e\000\040\000s\000u\000p\000p\000o\000r\000t\000o\000\040\040\023\000\040\000g\000e\000s\000t\000i\000o\000n\000e\000\040\000e\000r\000r\000o\000r\000i\000\040\000e\000\040\000f\000e\000e\000d\000b\000a\000c\000k}{subsection.2.12}% 48
\BOOKMARK [1][-]{section.3}{\376\377\000T\000e\000s\000t\000i\000n\000g\000\040\000e\000\040\000Q\000u\000a\000l\000i\000t\000\340\000\040\000d\000e\000l\000\040\000C\000o\000d\000i\000c\000e}{}% 49
\BOOKMARK [2][-]{subsection.3.1}{\376\377\000T\000e\000c\000n\000o\000l\000o\000g\000i\000a\000\040\000e\000\040\000i\000m\000p\000o\000s\000t\000a\000z\000i\000o\000n\000e\000\040\000d\000e\000l\000l\000a\000\040\000s\000u\000i\000t\000e}{section.3}% 50
\BOOKMARK [2][-]{subsection.3.2}{\376\377\000M\000e\000t\000o\000d\000i\000\040\000s\000e\000l\000e\000z\000i\000o\000n\000a\000t\000i}{section.3}% 51
\BOOKMARK [2][-]{subsection.3.3}{\376\377\000S\000t\000r\000a\000t\000e\000g\000i\000a\000\040\000d\000i\000\040\000p\000r\000o\000g\000e\000t\000t\000a\000z\000i\000o\000n\000e\000\040\000d\000e\000i\000\040\000t\000e\000s\000t}{section.3}% 52
\BOOKMARK [2][-]{subsection.3.4}{\376\377\000A\000n\000a\000l\000i\000s\000i\000\040\000d\000e\000i\000\040\000q\000u\000a\000t\000t\000r\000o\000\040\000m\000e\000t\000o\000d\000i\000\040\000t\000e\000s\000t\000a\000t\000i}{section.3}% 53
\BOOKMARK [3][-]{subsubsection.3.4.1}{\376\377\000O\000f\000f\000e\000r\000t\000a\000D\000A\000O\000.\000u\000p\000d\000a\000t\000e\000S\000t\000a\000t\000o\000O\000f\000f\000e\000r\000t\000a\000\050\000i\000d\000O\000f\000f\000e\000r\000t\000a\000,\000\040\000n\000u\000o\000v\000o\000S\000t\000a\000t\000o\000\051}{subsection.3.4}% 54
\BOOKMARK [3][-]{subsubsection.3.4.2}{\376\377\000U\000t\000e\000n\000t\000e\000D\000A\000O\000.\000a\000s\000s\000i\000g\000n\000U\000s\000e\000r\000T\000o\000A\000g\000e\000n\000c\000y\000\050\000i\000d\000U\000t\000e\000n\000t\000e\000,\000\040\000i\000d\000A\000g\000e\000n\000z\000i\000a\000\051}{subsection.3.4}% 55
\BOOKMARK [3][-]{subsubsection.3.4.3}{\376\377\000O\000f\000f\000e\000r\000t\000a\000D\000A\000O\000.\000c\000r\000e\000a\000t\000e\000O\000f\000f\000e\000r\000t\000a\000\050\000i\000d\000I\000m\000m\000o\000b\000i\000l\000e\000,\000\040\000i\000d\000U\000t\000e\000n\000t\000e\000,\000\040\000p\000r\000e\000z\000z\000o\000O\000f\000f\000e\000r\000t\000o\000\051}{subsection.3.4}% 56
\BOOKMARK [3][-]{subsubsection.3.4.4}{\376\377\000g\000e\000t\000N\000e\000a\000r\000b\000y\000P\000l\000a\000c\000e\000s\000\050\000l\000a\000t\000,\000\040\000l\000o\000n\000,\000\040\000r\000a\000d\000i\000u\000s\000?\000\051}{subsection.3.4}% 57
\BOOKMARK [2][-]{subsection.3.5}{\376\377\000R\000i\000e\000p\000i\000l\000o\000g\000o\000\040\000d\000e\000l\000l\000a\000\040\000c\000o\000p\000e\000r\000t\000u\000r\000a\000\040\000p\000r\000o\000g\000e\000t\000t\000a\000t\000a}{section.3}% 58
\BOOKMARK [2][-]{subsection.3.6}{\376\377\000C\000o\000d\000i\000c\000e\000\040\000d\000e\000i\000\040\000q\000u\000a\000t\000t\000r\000o\000\040\000t\000e\000s\000t\000\040\000p\000r\000i\000n\000c\000i\000p\000a\000l\000i}{section.3}% 59
\BOOKMARK [3][-]{subsubsection.3.6.1}{\376\377\000T\000e\000s\000t\000\040\0001\000:\000\040\000u\000p\000d\000a\000t\000e\000S\000t\000a\000t\000o\000O\000f\000f\000e\000r\000t\000a\000\050\000i\000d\000O\000f\000f\000e\000r\000t\000a\000,\000\040\000n\000u\000o\000v\000o\000S\000t\000a\000t\000o\000\051}{subsection.3.6}% 60
\BOOKMARK [3][-]{subsubsection.3.6.2}{\376\377\000T\000e\000s\000t\000\040\0002\000:\000\040\000a\000s\000s\000i\000g\000n\000U\000s\000e\000r\000T\000o\000A\000g\000e\000n\000c\000y\000\050\000i\000d\000U\000t\000e\000n\000t\000e\000,\000\040\000i\000d\000A\000g\000e\000n\000z\000i\000a\000\051}{subsection.3.6}% 61
\BOOKMARK [3][-]{subsubsection.3.6.3}{\376\377\000T\000e\000s\000t\000\040\0003\000:\000\040\000c\000r\000e\000a\000t\000e\000O\000f\000f\000e\000r\000t\000a\000\050\000i\000d\000I\000m\000m\000o\000b\000i\000l\000e\000,\000\040\000i\000d\000U\000t\000e\000n\000t\000e\000,\000\040\000p\000r\000e\000z\000z\000o\000O\000f\000f\000e\000r\000t\000o\000\051}{subsection.3.6}% 62
\BOOKMARK [3][-]{subsubsection.3.6.4}{\376\377\000T\000e\000s\000t\000\040\0004\000:\000\040\000g\000e\000t\000N\000e\000a\000r\000b\000y\000P\000l\000a\000c\000e\000s\000\050\000l\000a\000t\000,\000\040\000l\000o\000n\000,\000\040\000r\000a\000d\000i\000u\000s\000\051}{subsection.3.6}% 63
\BOOKMARK [2][-]{subsection.3.7}{\376\377\000E\000s\000i\000t\000o\000\040\000d\000e\000l\000l\000'\000e\000s\000e\000c\000u\000z\000i\000o\000n\000e\000\040\000r\000e\000a\000l\000e\000\040\000d\000e\000l\000l\000a\000\040\000s\000u\000i\000t\000e}{section.3}% 64
\BOOKMARK [2][-]{subsection.3.8}{\376\377\000Q\000u\000a\000l\000i\000t\000\340\000\040\000d\000e\000l\000\040\000C\000o\000d\000i\000c\000e\000:\000\040\000A\000n\000a\000l\000i\000s\000i\000\040\000S\000t\000a\000t\000i\000c\000a\000\040\000c\000o\000n\000\040\000S\000o\000n\000a\000r\000Q\000u\000b\000e}{section.3}% 65
\BOOKMARK [1][-]{section.4}{\376\377\000V\000a\000l\000u\000t\000a\000z\000i\000o\000n\000e\000\040\000d\000e\000l\000l\000'\000u\000s\000a\000b\000i\000l\000i\000t\000a}{}% 66
\BOOKMARK [2][-]{subsection.4.1}{\376\377\000O\000b\000i\000e\000t\000t\000i\000v\000i\000\040\000e\000\040\000c\000o\000l\000l\000e\000g\000a\000m\000e\000n\000t\000o\000\040\000a\000i\000\040\000r\000e\000q\000u\000i\000s\000i\000t\000i}{section.4}% 67
\BOOKMARK [2][-]{subsection.4.2}{\376\377\000E\000x\000p\000e\000r\000t\000\040\000r\000e\000v\000i\000e\000w\000\040\000/\000\040\000i\000n\000s\000p\000e\000c\000t\000i\000o\000n}{section.4}% 68
\BOOKMARK [3][-]{subsubsection.4.2.1}{\376\377\000M\000e\000t\000o\000d\000o\000\040\000a\000d\000o\000t\000t\000a\000t\000o}{subsection.4.2}% 69
\BOOKMARK [3][-]{subsubsection.4.2.2}{\376\377\000C\000h\000e\000c\000k\000l\000i\000s\000t\000\040\000d\000i\000\040\000r\000e\000v\000i\000e\000w}{subsection.4.2}% 70
\BOOKMARK [3][-]{subsubsection.4.2.3}{\376\377\000E\000s\000i\000t\000i\000\040\000e\000\040\000p\000r\000i\000o\000r\000i\000t\000a\000\040\000d\000i\000\040\000i\000n\000t\000e\000r\000v\000e\000n\000t\000o}{subsection.4.2}% 71
\BOOKMARK [2][-]{subsection.4.3}{\376\377\000E\000s\000p\000e\000r\000i\000m\000e\000n\000t\000o\000\040\000c\000o\000n\000\040\000u\000t\000e\000n\000t\000i\000\040\000r\000e\000a\000l\000i\000\040\000o\000\040\000p\000o\000t\000e\000n\000z\000i\000a\000l\000i}{section.4}% 72
\BOOKMARK [3][-]{subsubsection.4.3.1}{\376\377\000S\000o\000g\000g\000e\000t\000t\000i\000\040\000r\000e\000c\000l\000u\000t\000a\000t\000i}{subsection.4.3}% 73
\BOOKMARK [3][-]{subsubsection.4.3.2}{\376\377\000P\000r\000o\000c\000e\000d\000u\000r\000a\000\040\000s\000p\000e\000r\000i\000m\000e\000n\000t\000a\000l\000e}{subsection.4.3}% 74
\BOOKMARK [3][-]{subsubsection.4.3.3}{\376\377\000T\000a\000s\000k\000\040\000s\000p\000e\000r\000i\000m\000e\000n\000t\000a\000l\000i}{subsection.4.3}% 75
\BOOKMARK [3][-]{subsubsection.4.3.4}{\376\377\000M\000e\000t\000r\000i\000c\000h\000e\000\040\000o\000s\000s\000e\000r\000v\000a\000t\000e}{subsection.4.3}% 76
\BOOKMARK [3][-]{subsubsection.4.3.5}{\376\377\000S\000u\000r\000v\000e\000y\000\040\000p\000o\000s\000t\000-\000e\000s\000p\000e\000r\000i\000m\000e\000n\000t\000o}{subsection.4.3}% 77
\BOOKMARK [3][-]{subsubsection.4.3.6}{\376\377\000R\000i\000s\000u\000l\000t\000a\000t\000i}{subsection.4.3}% 78
\BOOKMARK [3][-]{subsubsection.4.3.7}{\376\377\000D\000i\000s\000c\000u\000s\000s\000i\000o\000n\000e\000\040\000d\000e\000i\000\040\000r\000i\000s\000u\000l\000t\000a\000t\000i}{subsection.4.3}% 79
\BOOKMARK [1][-]{section.5}{\376\377\000D\000o\000c\000u\000m\000e\000n\000t\000a\000z\000i\000o\000n\000e\000\040\000d\000e\000l\000\040\000p\000r\000o\000c\000e\000s\000s\000o\000\040\000d\000i\000\040\000s\000v\000i\000l\000u\000p\000p\000o}{}% 80
\BOOKMARK [2][-]{subsection.5.1}{\376\377\000V\000e\000r\000s\000i\000o\000n\000a\000m\000e\000n\000t\000o}{section.5}% 81
\BOOKMARK [3][-]{subsubsection.5.1.1}{\376\377\000G\000i\000t\000H\000u\000b}{subsection.5.1}% 82
\BOOKMARK [3][-]{subsubsection.5.1.2}{\376\377\000S\000t\000a\000t\000i\000s\000t\000i\000c\000h\000e\000\040\000d\000e\000l\000\040\000r\000e\000p\000o\000s\000i\000t\000o\000r\000y}{subsection.5.1}% 83
\BOOKMARK [3][-]{subsubsection.5.1.3}{\376\377\000E\000v\000i\000d\000e\000n\000z\000e\000\040\000g\000r\000a\000f\000i\000c\000h\000e\000\040\000d\000a\000\040\000G\000i\000t\000H\000u\000b\000\040\000e\000\040\000S\000o\000n\000a\000r\000Q\000u\000b\000e}{subsection.5.1}% 84
\BOOKMARK [2][-]{subsection.5.2}{\376\377\000C\000o\000d\000i\000c\000e\000\040\000s\000o\000r\000g\000e\000n\000t\000e\000\040\000e\000\040\000c\000o\000n\000t\000a\000i\000n\000e\000r\000i\000z\000z\000a\000z\000i\000o\000n\000e}{section.5}% 85
\BOOKMARK [3][-]{subsubsection.5.2.1}{\376\377\000D\000o\000c\000k\000e\000r\000f\000i\000l\000e\000\040\000b\000a\000c\000k\000e\000n\000d}{subsection.5.2}% 86
\BOOKMARK [3][-]{subsubsection.5.2.2}{\376\377\000D\000o\000c\000k\000e\000r\000f\000i\000l\000e\000\040\000f\000r\000o\000n\000t\000e\000n\000d}{subsection.5.2}% 87
\BOOKMARK [3][-]{subsubsection.5.2.3}{\376\377\000d\000o\000c\000k\000e\000r\000-\000c\000o\000m\000p\000o\000s\000e\000.\000y\000m\000l\000\040\000e\000\040\000f\000i\000l\000e\000\040\000d\000i\000\040\000b\000u\000i\000l\000d\000\040\000a\000u\000t\000o\000m\000a\000t\000i\000c\000a}{subsection.5.2}% 88
